Arguments: 
  /usr/bin/node /usr/share/yarn/bin/yarn.js add @babel/core @babel/cli @babel/present-env -D

PATH: 
  /home/fabio/.magento-cloud/bin:/home/fabio/.magento-cloud/bin:/usr/local/sbin:/usr/local/bin:/usr/sbin:/usr/bin:/sbin:/bin:/usr/games:/usr/local/games:/snap/bin

Yarn version: 
  1.22.18

Node version: 
  14.19.1

Platform: 
  linux x64

Trace: 
  Error: https://registry.yarnpkg.com/@babel%2fpresent-env: Not found
      at Request.params.callback [as _callback] (/usr/share/yarn/lib/cli.js:66138:18)
      at Request.self.callback (/usr/share/yarn/lib/cli.js:140883:22)
      at Request.emit (events.js:400:28)
      at Request.<anonymous> (/usr/share/yarn/lib/cli.js:141855:10)
      at Request.emit (events.js:400:28)
      at IncomingMessage.<anonymous> (/usr/share/yarn/lib/cli.js:141777:12)
      at Object.onceWrapper (events.js:519:28)
      at IncomingMessage.emit (events.js:412:35)
      at endReadableNT (internal/streams/readable.js:1334:12)
      at processTicksAndRejections (internal/process/task_queues.js:82:21)

npm manifest: 
  {
    "name": "01-github-explorer",
    "version": "1.0.0",
    "main": "index.js",
    "licence": "MIT",
    "dependencies": {
      "react": "^18.0.0",
      "react-dom": "^18.0.0"
    }
  }

yarn manifest: 
  No manifest

Lockfile: 
  # THIS IS AN AUTOGENERATED FILE. DO NOT EDIT THIS FILE DIRECTLY.
  # yarn lockfile v1
  
  
  "js-tokens@^3.0.0 || ^4.0.0":
    version "4.0.0"
    resolved "https://registry.yarnpkg.com/js-tokens/-/js-tokens-4.0.0.tgz#19203fb59991df98e3a287050d4647cdeaf32499"
    integrity sha512-RdJUflcE3cUzKiMqQgsCu06FPu9UdIJO0beYbPhHN4k6apgJtifcoCtT9bcxOpYBtpD2kCM6Sbzg4CausW/PKQ==
  
  loose-envify@^1.1.0:
    version "1.4.0"
    resolved "https://registry.yarnpkg.com/loose-envify/-/loose-envify-1.4.0.tgz#71ee51fa7be4caec1a63839f7e682d8132d30caf"
    integrity sha512-lyuxPGr/Wfhrlem2CL/UcnUc1zcqKAImBDzukY7Y5F/yQiNdko6+fRLevlw1HgMySw7f611UIY408EtxRSoK3Q==
    dependencies:
      js-tokens "^3.0.0 || ^4.0.0"
  
  react-dom@^18.0.0:
    version "18.0.0"
    resolved "https://registry.yarnpkg.com/react-dom/-/react-dom-18.0.0.tgz#26b88534f8f1dbb80853e1eabe752f24100d8023"
    integrity sha512-XqX7uzmFo0pUceWFCt7Gff6IyIMzFUn7QMZrbrQfGxtaxXZIcGQzoNpRLE3fQLnS4XzLLPMZX2T9TRcSrasicw==
    dependencies:
      loose-envify "^1.1.0"
      scheduler "^0.21.0"
  
  react@^18.0.0:
    version "18.0.0"
    resolved "https://registry.yarnpkg.com/react/-/react-18.0.0.tgz#b468736d1f4a5891f38585ba8e8fb29f91c3cb96"
    integrity sha512-x+VL6wbT4JRVPm7EGxXhZ8w8LTROaxPXOqhlGyVSrv0sB1jkyFGgXxJ8LVoPRLvPR6/CIZGFmfzqUa2NYeMr2A==
    dependencies:
      loose-envify "^1.1.0"
  
  reactdom@^2.0.0:
    version "2.0.0"
    resolved "https://registry.yarnpkg.com/reactdom/-/reactdom-2.0.0.tgz#beeac4d698e3bf3ff0523c79d336a5ff2d532036"
    integrity sha512-uMNDdGgUECyHQwuVyt3HBAjFt07U+rKy1zFN56skgcPt7/PODbLN7OkMCevgwkX3LsGalA4/757DSVp6DX4dzA==
  
  scheduler@^0.21.0:
    version "0.21.0"
    resolved "https://registry.yarnpkg.com/scheduler/-/scheduler-0.21.0.tgz#6fd2532ff5a6d877b6edb12f00d8ab7e8f308820"
    integrity sha512-1r87x5fz9MXqswA2ERLo0EbOAU74DpIUO090gIasYTqlVoJeMcl+Z1Rg7WHz+qtPujhS/hGIt9kxZOYBV3faRQ==
    dependencies:
      loose-envify "^1.1.0"
